<?xml version="1.0" encoding="UTF-8"?>
<testsuite name="com.mycompany.app.utilities.CalculationsTest" tests="3" skipped="0" failures="0" errors="0" timestamp="2024-04-05T21:58:06" hostname="brians-mac.lan" time="0.025">
  <properties/>
  <testcase name="AssessmentValueStatisticsTest()" classname="com.mycompany.app.utilities.CalculationsTest" time="0.023"/>
  <testcase name="calculateDistance()" classname="com.mycompany.app.utilities.CalculationsTest" time="0.0"/>
  <testcase name="calculateMedianTest()" classname="com.mycompany.app.utilities.CalculationsTest" time="0.0"/>
  <system-out><![CDATA[]]></system-out>
  <system-err><![CDATA[]]></system-err>
</testsuite>
